2023-06-04 09:01:25,178 WARN [main] ru.matvey.socialmediaapi.service.ChatService: Chat 1 not found
2023-06-04 09:16:34,874 WARN [main] ru.matvey.socialmediaapi.service.ChatService: Chat 1 not found
2023-06-04 09:18:34,979 WARN [main] ru.matvey.socialmediaapi.service.ChatService: Chat 1 not found
2023-06-04 10:50:08,051 WARN [main] ru.matvey.socialmediaapi.service.ChatService: Chat 1 not found
2023-06-04 11:50:41,984 WARN [main] ru.matvey.socialmediaapi.service.ChatService: Chat 1 not found
2023-06-04 11:50:46,643 INFO [main] org.springframework.boot.StartupInfoLogger: Starting SocialMediaApiApplication using Java 19.0.2 with PID 9996 (E:\Dev\IdeaProjects\social-media-api\target\classes started by matvey in E:\Dev\IdeaProjects\social-media-api)
2023-06-04 11:50:46,645 DEBUG [main] org.springframework.boot.StartupInfoLogger: Running with Spring Boot v3.1.0, Spring v6.0.9
2023-06-04 11:50:46,646 INFO [main] org.springframework.boot.SpringApplication: No active profile set, falling back to 1 default profile: "default"
2023-06-04 11:50:47,323 INFO [main] org.springframework.data.repository.config.RepositoryConfigurationDelegate: Bootstrapping Spring Data JPA repositories in DEFAULT mode.
2023-06-04 11:50:47,400 INFO [main] org.springframework.data.repository.config.RepositoryConfigurationDelegate: Finished Spring Data repository scanning in 68 ms. Found 7 JPA repository interfaces.
2023-06-04 11:50:47,907 INFO [main] org.springframework.boot.web.embedded.tomcat.TomcatWebServer: Tomcat initialized with port(s): 8080 (http)
2023-06-04 11:50:47,914 INFO [main] org.apache.juli.logging.DirectJDKLog: Initializing ProtocolHandler ["http-nio-8080"]
2023-06-04 11:50:47,915 INFO [main] org.apache.juli.logging.DirectJDKLog: Starting service [Tomcat]
2023-06-04 11:50:47,915 INFO [main] org.apache.juli.logging.DirectJDKLog: Starting Servlet engine: [Apache Tomcat/10.1.8]
2023-06-04 11:50:47,999 INFO [main] org.apache.juli.logging.DirectJDKLog: Initializing Spring embedded WebApplicationContext
2023-06-04 11:50:48,000 INFO [main] org.springframework.boot.web.servlet.context.ServletWebServerApplicationContext: Root WebApplicationContext: initialization completed in 1318 ms
2023-06-04 11:50:48,114 INFO [main] org.hibernate.jpa.internal.util.LogHelper: HHH000204: Processing PersistenceUnitInfo [name: default]
2023-06-04 11:50:48,170 INFO [main] org.hibernate.Version: HHH000412: Hibernate ORM core version 6.2.2.Final
2023-06-04 11:50:48,172 INFO [main] org.hibernate.cfg.Environment: HHH000406: Using bytecode reflection optimizer
2023-06-04 11:50:48,293 INFO [main] org.hibernate.bytecode.internal.BytecodeProviderInitiator: HHH000021: Bytecode provider name : bytebuddy
2023-06-04 11:50:48,369 INFO [main] org.springframework.orm.jpa.persistenceunit.SpringPersistenceUnitInfo: No LoadTimeWeaver setup: ignoring JPA class transformer
2023-06-04 11:50:48,382 INFO [main] com.zaxxer.hikari.HikariDataSource: HikariPool-1 - Starting...
2023-06-04 11:50:48,536 INFO [main] com.zaxxer.hikari.pool.HikariPool: HikariPool-1 - Added connection org.postgresql.jdbc.PgConnection@45d389f2
2023-06-04 11:50:48,538 INFO [main] com.zaxxer.hikari.HikariDataSource: HikariPool-1 - Start completed.
2023-06-04 11:50:48,576 INFO [main] org.hibernate.engine.jdbc.dialect.internal.DialectFactoryImpl: HHH035001: Using dialect: org.hibernate.dialect.PostgreSQLDialect, version: org.hibernate.engine.jdbc.env.internal.JdbcEnvironmentInitiator$DialectResolutionInfoImpl@76af34b5
2023-06-04 11:50:48,812 INFO [main] org.hibernate.bytecode.internal.BytecodeProviderInitiator: HHH000021: Bytecode provider name : bytebuddy
2023-06-04 11:50:49,394 INFO [main] org.hibernate.engine.transaction.jta.platform.internal.JtaPlatformInitiator: HHH000490: Using JtaPlatform implementation: [org.hibernate.engine.transaction.jta.platform.internal.NoJtaPlatform]
2023-06-04 11:50:49,578 INFO [main] org.springframework.orm.jpa.AbstractEntityManagerFactoryBean: Initialized JPA EntityManagerFactory for persistence unit 'default'
2023-06-04 11:50:49,876 DEBUG [main] org.springframework.web.filter.GenericFilterBean: Filter 'jwtAuthenticationFilter' configured for use
2023-06-04 11:50:50,212 WARN [main] org.springframework.boot.autoconfigure.orm.jpa.JpaBaseConfiguration$JpaWebConfiguration: spring.jpa.open-in-view is enabled by default. Therefore, database queries may be performed during view rendering. Explicitly configure spring.jpa.open-in-view to disable this warning
2023-06-04 11:50:50,879 INFO [main] org.springframework.security.web.DefaultSecurityFilterChain: Will secure any request with [org.springframework.security.web.session.DisableEncodeUrlFilter@24bc06dd, org.springframework.security.web.context.request.async.WebAsyncManagerIntegrationFilter@26d02dc6, org.springframework.security.web.context.SecurityContextHolderFilter@60510791, org.springframework.security.web.header.HeaderWriterFilter@2c7ac998, org.springframework.security.web.authentication.logout.LogoutFilter@487ee2a, ru.matvey.socialmediaapi.config.JwtAuthenticationFilter@eee26bd, org.springframework.security.web.savedrequest.RequestCacheAwareFilter@a1689e8, org.springframework.security.web.servletapi.SecurityContextHolderAwareRequestFilter@4bb644dc, org.springframework.security.web.authentication.AnonymousAuthenticationFilter@24d7c365, org.springframework.security.web.session.SessionManagementFilter@cef23a8, org.springframework.security.web.access.ExceptionTranslationFilter@6e6bd43b, org.springframework.security.web.access.intercept.AuthorizationFilter@32eac39b]
2023-06-04 11:50:51,204 INFO [main] org.apache.juli.logging.DirectJDKLog: Starting ProtocolHandler ["http-nio-8080"]
2023-06-04 11:50:51,223 INFO [main] org.springframework.boot.web.embedded.tomcat.TomcatWebServer: Tomcat started on port(s): 8080 (http) with context path ''
2023-06-04 11:50:51,232 INFO [main] org.springframework.boot.StartupInfoLogger: Started SocialMediaApiApplication in 4.898 seconds (process running for 5.787)
2023-06-04 11:51:10,781 INFO [http-nio-8080-exec-2] org.apache.juli.logging.DirectJDKLog: Initializing Spring DispatcherServlet 'dispatcherServlet'
2023-06-04 11:51:10,781 INFO [http-nio-8080-exec-2] org.springframework.web.servlet.FrameworkServlet: Initializing Servlet 'dispatcherServlet'
2023-06-04 11:51:10,783 INFO [http-nio-8080-exec-2] org.springframework.web.servlet.FrameworkServlet: Completed initialization in 1 ms
2023-06-04 11:51:11,468 INFO [http-nio-8080-exec-9] org.springdoc.api.AbstractOpenApiResource: Init duration for springdoc-openapi is: 231 ms
